Built from '6000.2/respin/6000.2.0f1-517f89d850d1' branch; Version is '6000.2.0f1 (eed1c594c913) revision 15651269'; Using compiler version '194234433'; Build Type 'Release'
[Licensing::Module] Trying to connect to existing licensing client channel...
OS: 'Windows 10  (10.0.19045) 64bit Enterprise' Language: 'en' Physical Memory: 40905 MB
BatchMode: 1, IsHumanControllingUs: 0, StartBugReporterOnCrash: 0, Is64bit: 1
Date: 2025-10-05T19:55:43Z
[Licensing::IpcConnector] Successfully connected to: "LicenseClient-TacoDeity" at "2025-10-05T19:55:43.155571Z"

COMMAND LINE ARGUMENTS:
C:\Program Files\Unity\Hub\Editor\6000.2.0f1\Editor\Unity.exe
-adb2
-batchMode
-noUpm
-name
AssetImportWorker0
-projectPath
G:/Unity Projects/TableTopInvManager
-logFile
Logs/AssetImportWorker0.log
-srvPort
50245
-licensingIpc
LicenseClient-TacoDeity
-job-worker-count
1
-background-job-worker-count
8
-gc-helper-count
1
-name
AssetImport
Successfully changed project path to: G:/Unity Projects/TableTopInvManager
G:/Unity Projects/TableTopInvManager
[UnityMemory] Configuration Parameters - Can be set up in boot.config
    "memorysetup-allocator-temp-initial-block-size-main=262144"
    "memorysetup-allocator-temp-initial-block-size-worker=262144"
    "memorysetup-bucket-allocator-granularity=16"
    "memorysetup-bucket-allocator-bucket-count=8"
    "memorysetup-bucket-allocator-block-size=33554432"
    "memorysetup-bucket-allocator-block-count=8"
    "memorysetup-main-allocator-block-size=16777216"
    "memorysetup-thread-allocator-block-size=16777216"
    "memorysetup-gfx-main-allocator-block-size=16777216"
    "memorysetup-gfx-thread-allocator-block-size=16777216"
    "memorysetup-cache-allocator-block-size=4194304"
    "memorysetup-typetree-allocator-block-size=2097152"
    "memorysetup-profiler-bucket-allocator-granularity=16"
    "memorysetup-profiler-bucket-allocator-bucket-count=8"
    "memorysetup-profiler-bucket-allocator-block-size=33554432"
    "memorysetup-profiler-bucket-allocator-block-count=8"
    "memorysetup-profiler-allocator-block-size=16777216"
    "memorysetup-profiler-editor-allocator-block-size=1048576"
    "memorysetup-temp-allocator-size-main=16777216"
    "memorysetup-job-temp-allocator-block-size=2097152"
    "memorysetup-job-temp-allocator-block-size-background=1048576"
    "memorysetup-job-temp-allocator-reduction-small-platforms=262144"
    "memorysetup-temp-allocator-size-background-worker=32768"
    "memorysetup-temp-allocator-size-job-worker=262144"
    "memorysetup-temp-allocator-size-preload-manager=33554432"
    "memorysetup-temp-allocator-size-nav-mesh-worker=65536"
    "memorysetup-temp-allocator-size-audio-worker=65536"
    "memorysetup-temp-allocator-size-cloud-worker=32768"
    "memorysetup-temp-allocator-size-gi-baking-worker=262144"
    "memorysetup-temp-allocator-size-gi-baking-worker=262144"
    "memorysetup-temp-allocator-size-gi-baking-worker=262144"
    "memorysetup-temp-allocator-size-gi-baking-worker=262144"
    "memorysetup-temp-allocator-size-gi-baking-worker=262144"
    "memorysetup-temp-allocator-size-gfx=262144"
Player connection [9448]  Target information:

Player connection [9448]  * "[IP] 192.168.1.139 [Port] 0 [Flags] 2 [Guid] 316217783 [EditorId] 316217783 [Version] 1048832 [Id] WindowsEditor(7,DESKTOP-3783H3L) [Debug] 1 [PackageName] WindowsEditor [ProjectName] Editor" 

Player connection [9448] Host joined multi-casting on [225.0.0.222:54997]...
Player connection [9448] Host joined alternative multi-casting on [225.0.0.222:34997]...
JobSystem: Creating JobQueue using job-worker-count value 1
Input System module state changed to: Initialized.
[Physics::Module] Initialized fallback backend.
[Physics::Module] Id: 0xdecafbad
[Licensing::Client] Code 10 while verifying Licensing Client signature (process Id: 4192, path: "C:/Program Files/Unity Hub/UnityLicensingClient_V1/Unity.Licensing.Client.exe")
[Licensing::Module] LicensingClient has failed validation; ignoring
[Licensing::Client] Handshaking with LicensingClient:
  Version:                 1.17.1+ae67fbc
  Session Id:              1ba60161002649669ae436a508df4bd6
  Correlation Id:          d16d07b53e1cae8fba9eca5e0a8e25d4
  External correlation Id: 3823320283329161421
  Machine Id:              TJSmeiLMGjRA3Z3XYelnkmyDYiw=
[Licensing::Module] Successfully connected to LicensingClient on channel: "LicenseClient-TacoDeity" (connect: 0.11s, validation: 0.04s, handshake: 0.84s)
[Licensing::IpcConnector] Successfully connected to: "LicenseClient-TacoDeity-notifications" at "2025-10-05T19:55:44.1276745Z"
[Licensing::Module] Licensing Background thread has ended after 1.08s
Library Redirect Path: Library/
[Physics::Module] Selected backend.
[Physics::Module] Name: PhysX
[Physics::Module] Id: 0xf2b8ea05
[Physics::Module] SDK Version: 4.1.2
[Physics::Module] Integration Version: 1.0.0
[Physics::Module] Threading Mode: Multi-Threaded
Refreshing native plugins compatible for Editor in 11.75 ms, found 3 plugins.
Preloading 0 native plugins for Editor in 0.00 ms.
Initialize engine version: 6000.2.0f1 (eed1c594c913)
[Subsystems] Discovering subsystems at path C:/Program Files/Unity/Hub/Editor/6000.2.0f1/Editor/Data/Resources/UnitySubsystems
[Subsystems] Discovering subsystems at path G:/Unity Projects/TableTopInvManager/Assets
GfxDevice: creating device client; kGfxThreadingModeNonThreaded
Direct3D:
    Version:         Direct3D 12 [level 12.1]
    Renderer:        NVIDIA GeForce GTX 960 (ID=0x1401)
    Vendor:          NVIDIA
    VRAM:            1995 MB
    App VRAM Budget: 1695 MB
    Driver:          32.0.15.6094
Initialize mono
Mono path[0] = 'C:/Program Files/Unity/Hub/Editor/6000.2.0f1/Editor/Data/Managed'
Mono path[1] = 'C:/Program Files/Unity/Hub/Editor/6000.2.0f1/Editor/Data/MonoBleedingEdge/lib/mono/unityjit-win32'
Mono config path = 'C:/Program Files/Unity/Hub/Editor/6000.2.0f1/Editor/Data/MonoBleedingEdge/etc'
Using monoOptions --debugger-agent=transport=dt_socket,embedding=1,server=y,suspend=n,address=127.0.0.1:56936
Begin MonoManager ReloadAssembly
Registering precompiled unity dll's ...
Register platform support module: C:/Program Files/Unity/Hub/Editor/6000.2.0f1/Editor/Data/PlaybackEngines/WindowsStandaloneSupport/UnityEditor.WindowsStandalone.Extensions.dll
[Licensing::Client] Successfully resolved entitlement details
[Licensing::Module] License group:
  Id: F4-PTUR-SHXZ-UXUW-685N-XXXX
  Product: Unity Personal
  Type: ULF
  Expiration: Unlimited
[Licensing::Module] License group:
  Id: 4335266-UnityPersXXXX
  Product: Unity Personal
  Type: Assigned
  Expiration: Unlimited
Register platform support module: C:/Program Files/Unity/Hub/Editor/6000.2.0f1/Editor/Data/PlaybackEngines/AndroidPlayer/UnityEditor.Android.Extensions.dll
[Licensing::Client] Successfully resolved entitlement details
[Licensing::Module] License group:
  Id: F4-PTUR-SHXZ-UXUW-685N-XXXX
  Product: Unity Personal
  Type: ULF
  Expiration: Unlimited
[Licensing::Module] License group:
  Id: 4335266-UnityPersXXXX
  Product: Unity Personal
  Type: Assigned
  Expiration: Unlimited
Register platform support module: C:/Program Files/Unity/Hub/Editor/6000.2.0f1/Editor/Data/PlaybackEngines/iOSSupport/UnityEditor.iOS.Extensions.dll
Registered in 0.664604 seconds.
- Loaded All Assemblies, in  5.416 seconds
[usbmuxd] Start listen thread
[usbmuxd] Listen thread started
Native extension for iOS target not found
Native extension for Android target not found
Android Extension - Scanning For ADB Devices 2741 ms
Native extension for WindowsStandalone target not found
Mono: successfully reloaded assembly
- Finished resetting the current domain, in  7.317 seconds
Domain Reload Profiling: 12702ms
	BeginReloadAssembly (1093ms)
		ExecutionOrderSort (0ms)
		DisableScriptedObjects (0ms)
		BackupInstance (0ms)
		ReleaseScriptingObjects (0ms)
		CreateAndSetChildDomain (3ms)
	RebuildCommonClasses (261ms)
	RebuildNativeTypeToScriptingClass (96ms)
	initialDomainReloadingComplete (2840ms)
	LoadAllAssembliesAndSetupDomain (1094ms)
		LoadAssemblies (1085ms)
		RebuildTransferFunctionScriptingTraits (0ms)
		AnalyzeDomain (1077ms)
			TypeCache.Refresh (1070ms)
				TypeCache.ScanAssembly (994ms)
			BuildScriptInfoCaches (1ms)
			ResolveRequiredComponents (4ms)
	FinalizeReload (7319ms)
		ReleaseScriptCaches (0ms)
		RebuildScriptCaches (0ms)
		SetupLoadedEditorAssemblies (7040ms)
			LogAssemblyErrors (0ms)
			InitializePlatformSupportModulesInManaged (3346ms)
			SetLoadedEditorAssemblies (27ms)
			BeforeProcessingInitializeOnLoad (769ms)
			ProcessInitializeOnLoadAttributes (2473ms)
			ProcessInitializeOnLoadMethodAttributes (425ms)
			AfterProcessingInitializeOnLoad (0ms)
			EditorAssembliesLoaded (0ms)
		ExecutionOrderSort2 (0ms)
		AwakeInstancesAfterBackupRestoration (0ms)
========================================================================
Worker process is ready to serve import requests
Import Worker Mode flag is 0x00
Begin MonoManager ReloadAssembly
[Licensing::Client] Successfully resolved entitlement details
[Licensing::Module] License group:
  Id: F4-PTUR-SHXZ-UXUW-685N-XXXX
  Product: Unity Personal
  Type: ULF
  Expiration: Unlimited
[Licensing::Module] License group:
  Id: 4335266-UnityPersXXXX
  Product: Unity Personal
  Type: Assigned
  Expiration: Unlimited
- Loaded All Assemblies, in 12.613 seconds
Refreshing native plugins compatible for Editor in 10.41 ms, found 3 plugins.
Native extension for iOS target not found
Native extension for Android target not found
Native extension for WindowsStandalone target not found
Package Manager log level set to [2]
[Package Manager] Failed to launch server process. Reason: Unity was launched with the -noUpm command-line argument
[Package Manager] Unable to send message (not connected to server process).
[Package Manager] Cannot connect to Unity Package Manager local server
Mono: successfully reloaded assembly
- Finished resetting the current domain, in 10.284 seconds
Domain Reload Profiling: 22886ms
	BeginReloadAssembly (3092ms)
		ExecutionOrderSort (0ms)
		DisableScriptedObjects (35ms)
		BackupInstance (0ms)
		ReleaseScriptingObjects (0ms)
		CreateAndSetChildDomain (1714ms)
	RebuildCommonClasses (442ms)
	RebuildNativeTypeToScriptingClass (82ms)
	initialDomainReloadingComplete (269ms)
	LoadAllAssembliesAndSetupDomain (8714ms)
		LoadAssemblies (7156ms)
		RebuildTransferFunctionScriptingTraits (0ms)
		AnalyzeDomain (2565ms)
			TypeCache.Refresh (1893ms)
				TypeCache.ScanAssembly (1763ms)
			BuildScriptInfoCaches (396ms)
			ResolveRequiredComponents (233ms)
	FinalizeReload (10287ms)
		ReleaseScriptCaches (0ms)
		RebuildScriptCaches (0ms)
		SetupLoadedEditorAssemblies (8012ms)
			LogAssemblyErrors (0ms)
			InitializePlatformSupportModulesInManaged (342ms)
			SetLoadedEditorAssemblies (91ms)
			BeforeProcessingInitializeOnLoad (2078ms)
			ProcessInitializeOnLoadAttributes (3834ms)
			ProcessInitializeOnLoadMethodAttributes (1625ms)
			AfterProcessingInitializeOnLoad (42ms)
			EditorAssembliesLoaded (1ms)
		ExecutionOrderSort2 (0ms)
		AwakeInstancesAfterBackupRestoration (120ms)
Launched and connected shader compiler UnityShaderCompiler.exe after 0.13 seconds
Refreshing native plugins compatible for Editor in 17.23 ms, found 3 plugins.
Preloading 0 native plugins for Editor in 0.00 ms.
Unloading 14 Unused Serialized files (Serialized files now loaded: 0)
Unloading 7104 unused Assets / (2.9 MB). Loaded Objects now: 7802.
Memory consumption went from 133.6 MB to 130.7 MB.
Total: 48.263600 ms (FindLiveObjects: 5.170000 ms CreateObjectMapping: 8.474500 ms MarkObjects: 23.232000 ms  DeleteObjects: 11.385200 ms)

========================================================================
Received Import Request.
  Time since last request: 1672.716924 seconds.
  path: Assets/Scripts/UI/b69a283d8748b48588f67e096b514963.jpg
  artifactKey: Guid(5a4f2a5d35cbff04f8a1490b84f811ed) Importer(815301076,1909f56bfc062723c751e8b465ee728b)
Start importing Assets/Scripts/UI/b69a283d8748b48588f67e096b514963.jpg using Guid(5a4f2a5d35cbff04f8a1490b84f811ed) Importer(815301076,1909f56bfc062723c751e8b465ee728b) (PreviewImporter) -> (artifact id: '48d371d4d4636518091d55098cfdd8ee') in 0.5560265 seconds
Number of updated asset objects reloaded before import = 0Number of asset objects unloaded after import = 2

========================================================================
Received Import Request.
  Time since last request: 3326.276576 seconds.
  path: Assets/Scripts/New Folder
  artifactKey: Guid(6261496361776c2449a7421542595421) Importer(815301076,1909f56bfc062723c751e8b465ee728b)
Start importing Assets/Scripts/New Folder using Guid(6261496361776c2449a7421542595421) Importer(815301076,1909f56bfc062723c751e8b465ee728b) (PreviewImporter) -> (artifact id: '2da67b19d04a726f5c3b9c53508e30a1') in 0.0009054 seconds
Number of updated asset objects reloaded before import = 0Number of asset objects unloaded after import = 0

========================================================================
Received Import Request.
  Time since last request: 14.128567 seconds.
  path: Assets/Scripts/UI/Navigation
  artifactKey: Guid(6261496361776c2449a7421542595421) Importer(815301076,1909f56bfc062723c751e8b465ee728b)
Start importing Assets/Scripts/UI/Navigation using Guid(6261496361776c2449a7421542595421) Importer(815301076,1909f56bfc062723c751e8b465ee728b) (PreviewImporter) -> (artifact id: '0fc40fb24eafaaea21d97b4cb05b5193') in 0.0007542 seconds
Number of updated asset objects reloaded before import = 0Number of asset objects unloaded after import = 0

========================================================================
Received Prepare
Refreshing native plugins compatible for Editor in 1.74 ms, found 3 plugins.
Preloading 0 native plugins for Editor in 0.00 ms.
Unloading 14 Unused Serialized files (Serialized files now loaded: 0)
Unloading 7093 unused Assets / (5.0 MB). Loaded Objects now: 7808.
Memory consumption went from 133.8 MB to 128.8 MB.
Total: 17.809000 ms (FindLiveObjects: 1.066000 ms CreateObjectMapping: 4.063100 ms MarkObjects: 9.487300 ms  DeleteObjects: 3.191500 ms)

Prepare: number of updated asset objects reloaded= 0
========================================================================
Received Prepare
Refreshing native plugins compatible for Editor in 1.05 ms, found 3 plugins.
Preloading 0 native plugins for Editor in 0.00 ms.
Unloading 14 Unused Serialized files (Serialized files now loaded: 0)
Unloading 7093 unused Assets / (5.0 MB). Loaded Objects now: 7808.
Memory consumption went from 135.5 MB to 130.5 MB.
Total: 11.629400 ms (FindLiveObjects: 0.890200 ms CreateObjectMapping: 1.502200 ms MarkObjects: 6.125000 ms  DeleteObjects: 3.110700 ms)

Prepare: number of updated asset objects reloaded= 0
========================================================================
Received Import Request.
  Time since last request: 158.468493 seconds.
  path: Assets/Scripts/UI/Navigation/UINavigationManager.cs
  artifactKey: Guid(5310023c3d0a6cf4287ee5a5330378a4) Importer(815301076,1909f56bfc062723c751e8b465ee728b)
Start importing Assets/Scripts/UI/Navigation/UINavigationManager.cs using Guid(5310023c3d0a6cf4287ee5a5330378a4) Importer(815301076,1909f56bfc062723c751e8b465ee728b) (PreviewImporter) -> (artifact id: '59dadf40d271ab71976636c0bc4ee5d9') in 0.002394 seconds
Number of updated asset objects reloaded before import = 0Number of asset objects unloaded after import = 0

========================================================================
Received Prepare
Refreshing native plugins compatible for Editor in 3.53 ms, found 3 plugins.
Preloading 0 native plugins for Editor in 0.00 ms.
Unloading 14 Unused Serialized files (Serialized files now loaded: 0)
Unloading 7093 unused Assets / (3.5 MB). Loaded Objects now: 7808.
Memory consumption went from 133.8 MB to 130.3 MB.
Total: 88.462900 ms (FindLiveObjects: 1.429100 ms CreateObjectMapping: 59.451600 ms MarkObjects: 18.731300 ms  DeleteObjects: 8.849700 ms)

Prepare: number of updated asset objects reloaded= 0
========================================================================
Received Import Request.
  Time since last request: 15.175020 seconds.
  path: Assets/Scripts/UI/Navigation/UIPageManager.cs
  artifactKey: Guid(5310023c3d0a6cf4287ee5a5330378a4) Importer(815301076,1909f56bfc062723c751e8b465ee728b)
Start importing Assets/Scripts/UI/Navigation/UIPageManager.cs using Guid(5310023c3d0a6cf4287ee5a5330378a4) Importer(815301076,1909f56bfc062723c751e8b465ee728b) (PreviewImporter) -> (artifact id: 'e85940f184a03e447b6b18c3cf9b0be5') in 0.0008686 seconds
Number of updated asset objects reloaded before import = 0Number of asset objects unloaded after import = 0

========================================================================
Received Prepare
Refreshing native plugins compatible for Editor in 4.66 ms, found 3 plugins.
Preloading 0 native plugins for Editor in 0.00 ms.
Unloading 14 Unused Serialized files (Serialized files now loaded: 0)
Unloading 7093 unused Assets / (3.3 MB). Loaded Objects now: 7808.
Memory consumption went from 133.8 MB to 130.5 MB.
Total: 28.924600 ms (FindLiveObjects: 1.463300 ms CreateObjectMapping: 3.513700 ms MarkObjects: 16.610700 ms  DeleteObjects: 7.334800 ms)

Prepare: number of updated asset objects reloaded= 0
========================================================================
Received Import Request.
  Time since last request: 2144.478482 seconds.
  path: Assets/Scripts/UI/Navigation/UIPageManager.cs
  artifactKey: Guid(5310023c3d0a6cf4287ee5a5330378a4) Importer(815301076,1909f56bfc062723c751e8b465ee728b)
Start importing Assets/Scripts/UI/Navigation/UIPageManager.cs using Guid(5310023c3d0a6cf4287ee5a5330378a4) Importer(815301076,1909f56bfc062723c751e8b465ee728b) (PreviewImporter) -> (artifact id: '2c952033ea7de9daad93310871fbedff') in 0.0013235 seconds
Number of updated asset objects reloaded before import = 0Number of asset objects unloaded after import = 0

========================================================================
Received Prepare
Refreshing native plugins compatible for Editor in 2.14 ms, found 3 plugins.
Preloading 0 native plugins for Editor in 0.00 ms.
Unloading 14 Unused Serialized files (Serialized files now loaded: 0)
Unloading 7093 unused Assets / (4.0 MB). Loaded Objects now: 7808.
Memory consumption went from 133.8 MB to 129.8 MB.
Total: 24.421400 ms (FindLiveObjects: 1.091100 ms CreateObjectMapping: 1.891100 ms MarkObjects: 17.379200 ms  DeleteObjects: 4.058600 ms)

Prepare: number of updated asset objects reloaded= 0
========================================================================
Received Import Request.
  Time since last request: 39.730945 seconds.
  path: Assets/Scripts/UI/Navigation/UIPageManager.cs
  artifactKey: Guid(5310023c3d0a6cf4287ee5a5330378a4) Importer(815301076,1909f56bfc062723c751e8b465ee728b)
Start importing Assets/Scripts/UI/Navigation/UIPageManager.cs using Guid(5310023c3d0a6cf4287ee5a5330378a4) Importer(815301076,1909f56bfc062723c751e8b465ee728b) (PreviewImporter) -> (artifact id: '5d17cc7536eba155dfa6854904271d86') in 0.0023487 seconds
Number of updated asset objects reloaded before import = 0Number of asset objects unloaded after import = 0

========================================================================
Received Prepare
Refreshing native plugins compatible for Editor in 4.36 ms, found 3 plugins.
Preloading 0 native plugins for Editor in 0.00 ms.
Unloading 14 Unused Serialized files (Serialized files now loaded: 0)
Unloading 7093 unused Assets / (5.2 MB). Loaded Objects now: 7808.
Memory consumption went from 133.8 MB to 128.6 MB.
Total: 36.002000 ms (FindLiveObjects: 1.649900 ms CreateObjectMapping: 3.369200 ms MarkObjects: 24.325000 ms  DeleteObjects: 6.655300 ms)

Prepare: number of updated asset objects reloaded= 0
========================================================================
Received Import Request.
  Time since last request: 3390.825552 seconds.
  path: Assets/Scripts/UI/Navigation/UIPageManager.cs
  artifactKey: Guid(5310023c3d0a6cf4287ee5a5330378a4) Importer(815301076,1909f56bfc062723c751e8b465ee728b)
Start importing Assets/Scripts/UI/Navigation/UIPageManager.cs using Guid(5310023c3d0a6cf4287ee5a5330378a4) Importer(815301076,1909f56bfc062723c751e8b465ee728b) (PreviewImporter) -> (artifact id: '35e35981caade3e635d29970721d5875') in 0.0019039 seconds
Number of updated asset objects reloaded before import = 0Number of asset objects unloaded after import = 0

========================================================================
Received Prepare
Refreshing native plugins compatible for Editor in 5.25 ms, found 3 plugins.
Preloading 0 native plugins for Editor in 0.00 ms.
Unloading 14 Unused Serialized files (Serialized files now loaded: 0)
Unloading 7094 unused Assets / (2.1 MB). Loaded Objects now: 7809.
Memory consumption went from 133.8 MB to 131.7 MB.
Total: 102.582800 ms (FindLiveObjects: 6.649600 ms CreateObjectMapping: 8.700200 ms MarkObjects: 63.621100 ms  DeleteObjects: 23.610300 ms)

Prepare: number of updated asset objects reloaded= 0
========================================================================
Received Import Request.
  Time since last request: 17.092371 seconds.
  path: Assets/Scripts/UI/Navigation/UIPage.cs
  artifactKey: Guid(9d04ac37196e16045976904dc6f138b6) Importer(815301076,1909f56bfc062723c751e8b465ee728b)
Start importing Assets/Scripts/UI/Navigation/UIPage.cs using Guid(9d04ac37196e16045976904dc6f138b6) Importer(815301076,1909f56bfc062723c751e8b465ee728b) (PreviewImporter) -> (artifact id: 'f27d70fa19d4e506530dfa5f69f6b86b') in 0.0128962 seconds
Number of updated asset objects reloaded before import = 0Number of asset objects unloaded after import = 0

========================================================================
Received Prepare
Refreshing native plugins compatible for Editor in 1.34 ms, found 3 plugins.
Preloading 0 native plugins for Editor in 0.00 ms.
Unloading 14 Unused Serialized files (Serialized files now loaded: 0)
Unloading 7094 unused Assets / (4.9 MB). Loaded Objects now: 7809.
Memory consumption went from 133.8 MB to 128.9 MB.
Total: 13.713500 ms (FindLiveObjects: 0.977100 ms CreateObjectMapping: 1.491000 ms MarkObjects: 8.179400 ms  DeleteObjects: 3.064500 ms)

Prepare: number of updated asset objects reloaded= 0
========================================================================
Received Import Request.
  Time since last request: 95997.410213 seconds.
  path: Assets/Scripts/UI/Navigation/UIPage.cs
  artifactKey: Guid(9d04ac37196e16045976904dc6f138b6) Importer(815301076,1909f56bfc062723c751e8b465ee728b)
Start importing Assets/Scripts/UI/Navigation/UIPage.cs using Guid(9d04ac37196e16045976904dc6f138b6) Importer(815301076,1909f56bfc062723c751e8b465ee728b) (PreviewImporter) -> (artifact id: 'ccc9dff1e1f7b1d71f0b0e85ebb6ff18') in 0.0007541 seconds
